2021-10-05T11:48:05+00:00 CRITICAL Uncaught TypeError: array_column(): Argument #1 ($array) must be of type array, string given in C:\xampp\htdocs\Wordpress Inlamning 2\wordpress\wp-content\plugins\woocommerce\packages\woocommerce-admin\src\RemoteInboxNotifications\Transformers\ArrayColumn.php:27
Stack trace:
#0 C:\xampp\htdocs\Wordpress Inlamning 2\wordpress\wp-content\plugins\woocommerce\packages\woocommerce-admin\src\RemoteInboxNotifications\Transformers\ArrayColumn.php(27): array_column('', 'slug')
#1 C:\xampp\htdocs\Wordpress Inlamning 2\wordpress\wp-content\plugins\woocommerce\packages\woocommerce-admin\src\RemoteInboxNotifications\TransformerService.php(59): Automattic\WooCommerce\Admin\RemoteInboxNotifications\Transformers\ArrayColumn->transform('', Object(stdClass), '')
#2 C:\xampp\htdocs\Wordpress Inlamning 2\wordpress\wp-content\plugins\woocommerce\packages\woocommerce-admin\src\RemoteInboxNotifications\OptionRuleProcessor.php(45): Automattic\WooCommerce\Admin\RemoteInboxNotifications\TransformerService::apply('', Array, '')
#3 C:\xampp\htdocs\Wordpress Inlamning 2\wordpress\wp-content\plugins\woocommerce\packages\woocommerce-admin\src\RemoteInboxNotifications\RuleEvaluator.php(47): Automattic\WooCommerce\Admin\RemoteInboxNotifications\OptionRuleProcessor->process(Object(stdClass), NULL)
#4 C:\xampp\htdocs\Wordpress Inlamning 2\wordpress\wp-content\plugins\woocommerce\packages\woocommerce-admin\src\Features\RemoteFreeExtensions\EvaluateExtension.php(26): Automattic\WooCommerce\Admin\RemoteInboxNotifications\RuleEvaluator->evaluate(Array)
#5 C:\xampp\htdocs\Wordpress Inlamning 2\wordpress\wp-content\plugins\woocommerce\packages\woocommerce-admin\src\Features\RemoteFreeExtensions\Init.php(41): Automattic\WooCommerce\Admin\Features\RemoteFreeExtensions\EvaluateExtension::evaluate(Object(stdClass))
#6 C:\xampp\htdocs\Wordpress Inlamning 2\wordpress\wp-content\plugins\woocommerce\packages\woocommerce-admin\src\API\OnboardingFreeExtensions.php(75): Automattic\WooCommerce\Admin\Features\RemoteFreeExtensions\Init::get_extensions()
#7 C:\xampp\htdocs\Wordpress Inlamning 2\wordpress\wp-includes\rest-api\class-wp-rest-server.php(1140): Automattic\WooCommerce\Admin\API\OnboardingFreeExtensions->get_available_extensions(Object(WP_REST_Request))
#8 C:\xampp\htdocs\Wordpress Inlamning 2\wordpress\wp-includes\rest-api\class-wp-rest-server.php(987): WP_REST_Server->respond_to_request(Object(WP_REST_Request), '/wc-admin/onboa...', Array, NULL)
#9 C:\xampp\htdocs\Wordpress Inlamning 2\wordpress\wp-includes\rest-api\class-wp-rest-server.php(414): WP_REST_Server->dispatch(Object(WP_REST_Request))
#10 C:\xampp\htdocs\Wordpress Inlamning 2\wordpress\wp-includes\rest-api.php(370): WP_REST_Server->serve_request('/wc-admin/onboa...')
#11 C:\xampp\htdocs\Wordpress Inlamning 2\wordpress\wp-includes\class-wp-hook.php(303): rest_api_loaded(Object(WP))
#12 C:\xampp\htdocs\Wordpress Inlamning 2\wordpress\wp-includes\class-wp-hook.php(327): WP_Hook->apply_filters(NULL, Array)
#13 C:\xampp\htdocs\Wordpress Inlamning 2\wordpress\wp-includes\plugin.php(518): WP_Hook->do_action(Array)
#14 C:\xampp\htdocs\Wordpress Inlamning 2\wordpress\wp-includes\class-wp.php(388): do_action_ref_array('parse_request', Array)
#15 C:\xampp\htdocs\Wordpress Inlamning 2\wordpress\wp-includes\class-wp.php(750): WP->parse_request('')
#16 C:\xampp\htdocs\Wordpress Inlamning 2\wordpress\wp-includes\functions.php(1291): WP->main('')
#17 C:\xampp\htdocs\Wordpress Inlamning 2\wordpress\wp-blog-header.php(16): wp()
#18 C:\xampp\htdocs\Wordpress Inlamning 2\wordpress\index.php(17): require('C:\\xampp\\htdocs...')
#19 {main}
  thrown i C:\xampp\htdocs\Wordpress Inlamning 2\wordpress\wp-content\plugins\woocommerce\packages\woocommerce-admin\src\RemoteInboxNotifications\Transformers\ArrayColumn.php på rad 27

2021-10-05T19:00:46+00:00 CRITICAL Uncaught Error: Call to undefined function hello_elementor_body_open() in C:\xampp\htdocs\Wordpress Inlamning 2\wordpress\wp-content\themes\twentytwentyone-child\header.php:27
Stack trace:
#0 C:\xampp\htdocs\Wordpress Inlamning 2\wordpress\wp-includes\template.php(770): require_once()
#1 C:\xampp\htdocs\Wordpress Inlamning 2\wordpress\wp-includes\template.php(716): load_template('C:\\xampp\\htdocs...', true, Array)
#2 C:\xampp\htdocs\Wordpress Inlamning 2\wordpress\wp-includes\general-template.php(48): locate_template(Array, true, true, Array)
#3 C:\xampp\htdocs\Wordpress Inlamning 2\wordpress\wp-content\themes\twentytwentyone-child\front-page.php(2): get_header()
#4 C:\xampp\htdocs\Wordpress Inlamning 2\wordpress\wp-includes\template-loader.php(106): include('C:\\xampp\\htdocs...')
#5 C:\xampp\htdocs\Wordpress Inlamning 2\wordpress\wp-blog-header.php(19): require_once('C:\\xampp\\htdocs...')
#6 C:\xampp\htdocs\Wordpress Inlamning 2\wordpress\index.php(17): require('C:\\xampp\\htdocs...')
#7 {main}
  thrown i C:\xampp\htdocs\Wordpress Inlamning 2\wordpress\wp-content\themes\twentytwentyone-child\header.php på rad 27

2021-10-05T20:04:09+00:00 CRITICAL Uncaught ArgumentCountError: 3 arguments are required, 2 given in C:\xampp\htdocs\Wordpress Inlamning 2\wordpress\wp-admin\includes\class-bulk-upgrader-skin.php:152
Stack trace:
#0 C:\xampp\htdocs\Wordpress Inlamning 2\wordpress\wp-admin\includes\class-bulk-upgrader-skin.php(152): sprintf('%1$s installed ...', 'Advanced Produc...')
#1 C:\xampp\htdocs\Wordpress Inlamning 2\wordpress\wp-content\themes\business-consultant-finder\inc\tgm\class-tgm-plugin-activation.php(3553): Bulk_Upgrader_Skin->after('Advanced Produc...')
#2 C:\xampp\htdocs\Wordpress Inlamning 2\wordpress\wp-admin\includes\class-wp-upgrader.php(823): TGMPA_Bulk_Installer_Skin->after()
#3 C:\xampp\htdocs\Wordpress Inlamning 2\wordpress\wp-content\themes\business-consultant-finder\inc\tgm\class-tgm-plugin-activation.php(3173): WP_Upgrader->run(Array)
#4 C:\xampp\htdocs\Wordpress Inlamning 2\wordpress\wp-content\themes\business-consultant-finder\inc\tgm\class-tgm-plugin-activation.php(3286): TGMPA_Bulk_Installer->run(Array)
#5 C:\xampp\htdocs\Wordpress Inlamning 2\wordpress\wp-content\themes\business-consultant-finder\inc\tgm\class-tgm-plugin-activation.php(2892): TGMPA_Bulk_Installer->bulk_install(Array)
#6 C:\xampp\htdocs\Wordpress Inlamning 2\wordpress\wp-content\themes\business-consultant-finder\inc\tgm\class-tgm-plugin-activation.php(658): TGMPA_List_Table->process_bulk_actions()
#7 C:\xampp\htdocs\Wordpress Inlamning 2\wordpress\wp-includes\class-wp-hook.php(303): TGM_Plugin_Activation->install_plugins_page('')
#8 C:\xampp\htdocs\Wordpress Inlamning 2\wordpress\wp-includes\class-wp-hook.php(327): WP_Hook->apply_filters('', Array)
#9 C:\xampp\htdocs\Wordpress Inlamning 2\wordpress\wp-includes\plugin.php(470): WP_Hook->do_action(Array)
#10 C:\xampp\htdocs\Wordpress Inlamning 2\wordpress\wp-admin\admin.php(259): do_action('appearance_page...')
#11 C:\xampp\htdocs\Wordpress Inlamning 2\wordpress\wp-admin\themes.php(10): require_once('C:\\xampp\\htdocs...')
#12 {main}
  thrown i C:\xampp\htdocs\Wordpress Inlamning 2\wordpress\wp-admin\includes\class-bulk-upgrader-skin.php på rad 152

2021-10-05T20:17:55+00:00 CRITICAL Uncaught ArgumentCountError: 3 arguments are required, 2 given in C:\xampp\htdocs\Wordpress Inlamning 2\wordpress\wp-admin\includes\class-bulk-upgrader-skin.php:152
Stack trace:
#0 C:\xampp\htdocs\Wordpress Inlamning 2\wordpress\wp-admin\includes\class-bulk-upgrader-skin.php(152): sprintf('%1$s installed ...', 'Advanced Produc...')
#1 C:\xampp\htdocs\Wordpress Inlamning 2\wordpress\wp-content\themes\business-consultant-finder\inc\tgm\class-tgm-plugin-activation.php(3553): Bulk_Upgrader_Skin->after('Advanced Produc...')
#2 C:\xampp\htdocs\Wordpress Inlamning 2\wordpress\wp-admin\includes\class-wp-upgrader.php(823): TGMPA_Bulk_Installer_Skin->after()
#3 C:\xampp\htdocs\Wordpress Inlamning 2\wordpress\wp-content\themes\business-consultant-finder\inc\tgm\class-tgm-plugin-activation.php(3173): WP_Upgrader->run(Array)
#4 C:\xampp\htdocs\Wordpress Inlamning 2\wordpress\wp-content\themes\business-consultant-finder\inc\tgm\class-tgm-plugin-activation.php(3286): TGMPA_Bulk_Installer->run(Array)
#5 C:\xampp\htdocs\Wordpress Inlamning 2\wordpress\wp-content\themes\business-consultant-finder\inc\tgm\class-tgm-plugin-activation.php(2892): TGMPA_Bulk_Installer->bulk_install(Array)
#6 C:\xampp\htdocs\Wordpress Inlamning 2\wordpress\wp-content\themes\business-consultant-finder\inc\tgm\class-tgm-plugin-activation.php(658): TGMPA_List_Table->process_bulk_actions()
#7 C:\xampp\htdocs\Wordpress Inlamning 2\wordpress\wp-includes\class-wp-hook.php(303): TGM_Plugin_Activation->install_plugins_page('')
#8 C:\xampp\htdocs\Wordpress Inlamning 2\wordpress\wp-includes\class-wp-hook.php(327): WP_Hook->apply_filters('', Array)
#9 C:\xampp\htdocs\Wordpress Inlamning 2\wordpress\wp-includes\plugin.php(470): WP_Hook->do_action(Array)
#10 C:\xampp\htdocs\Wordpress Inlamning 2\wordpress\wp-admin\admin.php(259): do_action('appearance_page...')
#11 C:\xampp\htdocs\Wordpress Inlamning 2\wordpress\wp-admin\themes.php(10): require_once('C:\\xampp\\htdocs...')
#12 {main}
  thrown i C:\xampp\htdocs\Wordpress Inlamning 2\wordpress\wp-admin\includes\class-bulk-upgrader-skin.php på rad 152

2021-10-05T20:18:25+00:00 CRITICAL Uncaught ArgumentCountError: 3 arguments are required, 2 given in C:\xampp\htdocs\Wordpress Inlamning 2\wordpress\wp-admin\includes\class-bulk-upgrader-skin.php:152
Stack trace:
#0 C:\xampp\htdocs\Wordpress Inlamning 2\wordpress\wp-admin\includes\class-bulk-upgrader-skin.php(152): sprintf('%1$s installed ...', 'Classic Widgets')
#1 C:\xampp\htdocs\Wordpress Inlamning 2\wordpress\wp-content\themes\business-consultant-finder\inc\tgm\class-tgm-plugin-activation.php(3553): Bulk_Upgrader_Skin->after('Classic Widgets')
#2 C:\xampp\htdocs\Wordpress Inlamning 2\wordpress\wp-admin\includes\class-wp-upgrader.php(823): TGMPA_Bulk_Installer_Skin->after()
#3 C:\xampp\htdocs\Wordpress Inlamning 2\wordpress\wp-content\themes\business-consultant-finder\inc\tgm\class-tgm-plugin-activation.php(3173): WP_Upgrader->run(Array)
#4 C:\xampp\htdocs\Wordpress Inlamning 2\wordpress\wp-content\themes\business-consultant-finder\inc\tgm\class-tgm-plugin-activation.php(3286): TGMPA_Bulk_Installer->run(Array)
#5 C:\xampp\htdocs\Wordpress Inlamning 2\wordpress\wp-content\themes\business-consultant-finder\inc\tgm\class-tgm-plugin-activation.php(2892): TGMPA_Bulk_Installer->bulk_install(Array)
#6 C:\xampp\htdocs\Wordpress Inlamning 2\wordpress\wp-content\themes\business-consultant-finder\inc\tgm\class-tgm-plugin-activation.php(658): TGMPA_List_Table->process_bulk_actions()
#7 C:\xampp\htdocs\Wordpress Inlamning 2\wordpress\wp-includes\class-wp-hook.php(303): TGM_Plugin_Activation->install_plugins_page('')
#8 C:\xampp\htdocs\Wordpress Inlamning 2\wordpress\wp-includes\class-wp-hook.php(327): WP_Hook->apply_filters('', Array)
#9 C:\xampp\htdocs\Wordpress Inlamning 2\wordpress\wp-includes\plugin.php(470): WP_Hook->do_action(Array)
#10 C:\xampp\htdocs\Wordpress Inlamning 2\wordpress\wp-admin\admin.php(259): do_action('appearance_page...')
#11 C:\xampp\htdocs\Wordpress Inlamning 2\wordpress\wp-admin\themes.php(10): require_once('C:\\xampp\\htdocs...')
#12 {main}
  thrown i C:\xampp\htdocs\Wordpress Inlamning 2\wordpress\wp-admin\includes\class-bulk-upgrader-skin.php på rad 152

2021-10-05T21:49:42+00:00 CRITICAL Uncaught ArgumentCountError: 7 arguments are required, 1 given in C:\xampp\htdocs\Wordpress Inlamning 2\wordpress\wp-content\plugins\coming-soon\app\bootstrap.php:421
Stack trace:
#0 C:\xampp\htdocs\Wordpress Inlamning 2\wordpress\wp-content\plugins\coming-soon\app\bootstrap.php(421): printf('\n        <div c...')
#1 C:\xampp\htdocs\Wordpress Inlamning 2\wordpress\wp-includes\class-wp-hook.php(303): seedprod_lite_add_admin_edit_seedprod('')
#2 C:\xampp\htdocs\Wordpress Inlamning 2\wordpress\wp-includes\class-wp-hook.php(327): WP_Hook->apply_filters(NULL, Array)
#3 C:\xampp\htdocs\Wordpress Inlamning 2\wordpress\wp-includes\plugin.php(470): WP_Hook->do_action(Array)
#4 C:\xampp\htdocs\Wordpress Inlamning 2\wordpress\wp-admin\admin-footer.php(78): do_action('admin_footer', '')
#5 C:\xampp\htdocs\Wordpress Inlamning 2\wordpress\wp-admin\edit.php(491): require_once('C:\\xampp\\htdocs...')
#6 {main}
  thrown i C:\xampp\htdocs\Wordpress Inlamning 2\wordpress\wp-content\plugins\coming-soon\app\bootstrap.php på rad 421

2021-10-05T21:49:46+00:00 CRITICAL Uncaught ArgumentCountError: 7 arguments are required, 1 given in C:\xampp\htdocs\Wordpress Inlamning 2\wordpress\wp-content\plugins\coming-soon\app\bootstrap.php:421
Stack trace:
#0 C:\xampp\htdocs\Wordpress Inlamning 2\wordpress\wp-content\plugins\coming-soon\app\bootstrap.php(421): printf('\n        <div c...')
#1 C:\xampp\htdocs\Wordpress Inlamning 2\wordpress\wp-includes\class-wp-hook.php(303): seedprod_lite_add_admin_edit_seedprod('')
#2 C:\xampp\htdocs\Wordpress Inlamning 2\wordpress\wp-includes\class-wp-hook.php(327): WP_Hook->apply_filters(NULL, Array)
#3 C:\xampp\htdocs\Wordpress Inlamning 2\wordpress\wp-includes\plugin.php(470): WP_Hook->do_action(Array)
#4 C:\xampp\htdocs\Wordpress Inlamning 2\wordpress\wp-admin\admin-footer.php(78): do_action('admin_footer', '')
#5 C:\xampp\htdocs\Wordpress Inlamning 2\wordpress\wp-admin\post.php(369): require_once('C:\\xampp\\htdocs...')
#6 {main}
  thrown i C:\xampp\htdocs\Wordpress Inlamning 2\wordpress\wp-content\plugins\coming-soon\app\bootstrap.php på rad 421

2021-10-05T21:49:57+00:00 CRITICAL Uncaught ArgumentCountError: 7 arguments are required, 1 given in C:\xampp\htdocs\Wordpress Inlamning 2\wordpress\wp-content\plugins\coming-soon\app\bootstrap.php:421
Stack trace:
#0 C:\xampp\htdocs\Wordpress Inlamning 2\wordpress\wp-content\plugins\coming-soon\app\bootstrap.php(421): printf('\n        <div c...')
#1 C:\xampp\htdocs\Wordpress Inlamning 2\wordpress\wp-includes\class-wp-hook.php(303): seedprod_lite_add_admin_edit_seedprod('')
#2 C:\xampp\htdocs\Wordpress Inlamning 2\wordpress\wp-includes\class-wp-hook.php(327): WP_Hook->apply_filters(NULL, Array)
#3 C:\xampp\htdocs\Wordpress Inlamning 2\wordpress\wp-includes\plugin.php(470): WP_Hook->do_action(Array)
#4 C:\xampp\htdocs\Wordpress Inlamning 2\wordpress\wp-admin\admin-footer.php(78): do_action('admin_footer', '')
#5 C:\xampp\htdocs\Wordpress Inlamning 2\wordpress\wp-admin\post.php(369): require_once('C:\\xampp\\htdocs...')
#6 {main}
  thrown i C:\xampp\htdocs\Wordpress Inlamning 2\wordpress\wp-content\plugins\coming-soon\app\bootstrap.php på rad 421

2021-10-05T21:50:19+00:00 CRITICAL Uncaught ArgumentCountError: 7 arguments are required, 1 given in C:\xampp\htdocs\Wordpress Inlamning 2\wordpress\wp-content\plugins\coming-soon\app\bootstrap.php:421
Stack trace:
#0 C:\xampp\htdocs\Wordpress Inlamning 2\wordpress\wp-content\plugins\coming-soon\app\bootstrap.php(421): printf('\n        <div c...')
#1 C:\xampp\htdocs\Wordpress Inlamning 2\wordpress\wp-includes\class-wp-hook.php(303): seedprod_lite_add_admin_edit_seedprod('')
#2 C:\xampp\htdocs\Wordpress Inlamning 2\wordpress\wp-includes\class-wp-hook.php(327): WP_Hook->apply_filters(NULL, Array)
#3 C:\xampp\htdocs\Wordpress Inlamning 2\wordpress\wp-includes\plugin.php(470): WP_Hook->do_action(Array)
#4 C:\xampp\htdocs\Wordpress Inlamning 2\wordpress\wp-admin\admin-footer.php(78): do_action('admin_footer', '')
#5 C:\xampp\htdocs\Wordpress Inlamning 2\wordpress\wp-admin\post.php(369): require_once('C:\\xampp\\htdocs...')
#6 {main}
  thrown i C:\xampp\htdocs\Wordpress Inlamning 2\wordpress\wp-content\plugins\coming-soon\app\bootstrap.php på rad 421

2021-10-05T21:50:29+00:00 CRITICAL Uncaught ArgumentCountError: 7 arguments are required, 1 given in C:\xampp\htdocs\Wordpress Inlamning 2\wordpress\wp-content\plugins\coming-soon\app\bootstrap.php:421
Stack trace:
#0 C:\xampp\htdocs\Wordpress Inlamning 2\wordpress\wp-content\plugins\coming-soon\app\bootstrap.php(421): printf('\n        <div c...')
#1 C:\xampp\htdocs\Wordpress Inlamning 2\wordpress\wp-includes\class-wp-hook.php(303): seedprod_lite_add_admin_edit_seedprod('')
#2 C:\xampp\htdocs\Wordpress Inlamning 2\wordpress\wp-includes\class-wp-hook.php(327): WP_Hook->apply_filters(NULL, Array)
#3 C:\xampp\htdocs\Wordpress Inlamning 2\wordpress\wp-includes\plugin.php(470): WP_Hook->do_action(Array)
#4 C:\xampp\htdocs\Wordpress Inlamning 2\wordpress\wp-admin\admin-footer.php(78): do_action('admin_footer', '')
#5 C:\xampp\htdocs\Wordpress Inlamning 2\wordpress\wp-admin\post.php(369): require_once('C:\\xampp\\htdocs...')
#6 {main}
  thrown i C:\xampp\htdocs\Wordpress Inlamning 2\wordpress\wp-content\plugins\coming-soon\app\bootstrap.php på rad 421

